2025-12-07 11:43:04,137 INFO    MainThread:14410 [wandb_setup.py:_flush():80] Current SDK version is 0.23.1
2025-12-07 11:43:04,137 INFO    MainThread:14410 [wandb_setup.py:_flush():80] Configure stats pid to 14410
2025-12-07 11:43:04,137 INFO    MainThread:14410 [wandb_setup.py:_flush():80] Loading settings from /Users/xianull/.config/wandb/settings
2025-12-07 11:43:04,137 INFO    MainThread:14410 [wandb_setup.py:_flush():80] Loading settings from /Users/xianull/Desktop/mnist_hydra_project/wandb/settings
2025-12-07 11:43:04,137 INFO    MainThread:14410 [wandb_setup.py:_flush():80] Loading settings from environment variables
2025-12-07 11:43:04,137 INFO    MainThread:14410 [wandb_init.py:setup_run_log_directory():714] Logging user logs to /Users/xianull/Desktop/mnist_hydra_project/logs/wandb/run-20251207_114304-nli77gyy/logs/debug.log
2025-12-07 11:43:04,138 INFO    MainThread:14410 [wandb_init.py:setup_run_log_directory():715] Logging internal logs to /Users/xianull/Desktop/mnist_hydra_project/logs/wandb/run-20251207_114304-nli77gyy/logs/debug-internal.log
2025-12-07 11:43:04,138 INFO    MainThread:14410 [wandb_init.py:init():841] calling init triggers
2025-12-07 11:43:04,138 INFO    MainThread:14410 [wandb_init.py:init():846] wandb.init called with sweep_config: {}
config: {'_wandb': {}}
2025-12-07 11:43:04,138 INFO    MainThread:14410 [wandb_init.py:init():889] starting backend
2025-12-07 11:43:04,462 INFO    MainThread:14410 [wandb_init.py:init():892] sending inform_init request
2025-12-07 11:43:04,488 INFO    MainThread:14410 [wandb_init.py:init():900] backend started and connected
2025-12-07 11:43:04,495 INFO    MainThread:14410 [wandb_init.py:init():970] updated telemetry
2025-12-07 11:43:04,528 INFO    MainThread:14410 [wandb_init.py:init():994] communicating run to backend with 90.0 second timeout
2025-12-07 11:43:13,782 INFO    Thread-1 (wrapped_target):14410 [retry.py:__call__():164] [no run ID] Retry attempt failed:
urllib3.exceptions.SSLError: [SSL: UNEXPECTED_EOF_WHILE_READING] EOF occurred in violation of protocol (_ssl.c:1010)

The above exception was the direct cause of the following exception:

Traceback (most recent call last):
  File "/Users/xianull/.miniconda/lib/python3.12/site-packages/requests/adapters.py", line 667, in send
    resp = conn.urlopen(
           ^^^^^^^^^^^^^
  File "/Users/xianull/.miniconda/lib/python3.12/site-packages/urllib3/connectionpool.py", line 841, in urlopen
    retries = retries.increment(
              ^^^^^^^^^^^^^^^^^^
  File "/Users/xianull/.miniconda/lib/python3.12/site-packages/urllib3/util/retry.py", line 519, in increment
    raise MaxRetryError(_pool, url, reason) from reason  # type: ignore[arg-type]
    ^^^^^^^^^^^^^^^^^^^^^^^^^^^^^^^^^^^^^^^^^^^^^^^^^^^
urllib3.exceptions.MaxRetryError: HTTPSConnectionPool(host='api.wandb.ai', port=443): Max retries exceeded with url: /graphql (Caused by SSLError(SSLEOFError(8, '[SSL: UNEXPECTED_EOF_WHILE_READING] EOF occurred in violation of protocol (_ssl.c:1010)')))

During handling of the above exception, another exception occurred:

Traceback (most recent call last):
  File "/Users/xianull/.miniconda/lib/python3.12/site-packages/wandb/sdk/lib/retry.py", line 157, in __call__
    result = self._call_fn(*args, **kwargs)
             ^^^^^^^^^^^^^^^^^^^^^^^^^^^^^^
  File "/Users/xianull/.miniconda/lib/python3.12/site-packages/wandb/sdk/internal/internal_api.py", line 391, in execute
    return self.client.execute(*args, **kwargs)  # type: ignore
           ^^^^^^^^^^^^^^^^^^^^^^^^^^^^^^^^^^^^
  File "/Users/xianull/.miniconda/lib/python3.12/site-packages/wandb/vendor/gql-0.2.0/wandb_gql/client.py", line 52, in execute
    result = self._get_result(document, *args, **kwargs)
             ^^^^^^^^^^^^^^^^^^^^^^^^^^^^^^^^^^^^^^^^^^^
  File "/Users/xianull/.miniconda/lib/python3.12/site-packages/wandb/vendor/gql-0.2.0/wandb_gql/client.py", line 60, in _get_result
    return self.transport.execute(document, *args, **kwargs)
           ^^^^^^^^^^^^^^^^^^^^^^^^^^^^^^^^^^^^^^^^^^^^^^^^^
  File "/Users/xianull/.miniconda/lib/python3.12/site-packages/wandb/sdk/lib/gql_request.py", line 70, in execute
    request = self.session.post(self.url, **post_args)
              ^^^^^^^^^^^^^^^^^^^^^^^^^^^^^^^^^^^^^^^^
  File "/Users/xianull/.miniconda/lib/python3.12/site-packages/requests/sessions.py", line 637, in post
    return self.request("POST", url, data=data, json=json, **kwargs)
           ^^^^^^^^^^^^^^^^^^^^^^^^^^^^^^^^^^^^^^^^^^^^^^^^^^^^^^^^^
  File "/Users/xianull/.miniconda/lib/python3.12/site-packages/requests/sessions.py", line 589, in request
    resp = self.send(prep, **send_kwargs)
           ^^^^^^^^^^^^^^^^^^^^^^^^^^^^^^
  File "/Users/xianull/.miniconda/lib/python3.12/site-packages/requests/sessions.py", line 703, in send
    r = adapter.send(request, **kwargs)
        ^^^^^^^^^^^^^^^^^^^^^^^^^^^^^^^
  File "/Users/xianull/.miniconda/lib/python3.12/site-packages/requests/adapters.py", line 698, in send
    raise SSLError(e, request=request)
requests.exceptions.SSLError: HTTPSConnectionPool(host='api.wandb.ai', port=443): Max retries exceeded with url: /graphql (Caused by SSLError(SSLEOFError(8, '[SSL: UNEXPECTED_EOF_WHILE_READING] EOF occurred in violation of protocol (_ssl.c:1010)')))
2025-12-07 11:43:13,785 INFO    Thread-2 (wrapped_target):14410 [retry.py:__call__():164] [no run ID] Retry attempt failed:
urllib3.exceptions.SSLError: [SSL: UNEXPECTED_EOF_WHILE_READING] EOF occurred in violation of protocol (_ssl.c:1010)

The above exception was the direct cause of the following exception:

Traceback (most recent call last):
  File "/Users/xianull/.miniconda/lib/python3.12/site-packages/requests/adapters.py", line 667, in send
    resp = conn.urlopen(
           ^^^^^^^^^^^^^
  File "/Users/xianull/.miniconda/lib/python3.12/site-packages/urllib3/connectionpool.py", line 841, in urlopen
    retries = retries.increment(
              ^^^^^^^^^^^^^^^^^^
  File "/Users/xianull/.miniconda/lib/python3.12/site-packages/urllib3/util/retry.py", line 519, in increment
    raise MaxRetryError(_pool, url, reason) from reason  # type: ignore[arg-type]
    ^^^^^^^^^^^^^^^^^^^^^^^^^^^^^^^^^^^^^^^^^^^^^^^^^^^
urllib3.exceptions.MaxRetryError: HTTPSConnectionPool(host='api.wandb.ai', port=443): Max retries exceeded with url: /graphql (Caused by SSLError(SSLEOFError(8, '[SSL: UNEXPECTED_EOF_WHILE_READING] EOF occurred in violation of protocol (_ssl.c:1010)')))

During handling of the above exception, another exception occurred:

Traceback (most recent call last):
  File "/Users/xianull/.miniconda/lib/python3.12/site-packages/wandb/sdk/lib/retry.py", line 157, in __call__
    result = self._call_fn(*args, **kwargs)
             ^^^^^^^^^^^^^^^^^^^^^^^^^^^^^^
  File "/Users/xianull/.miniconda/lib/python3.12/site-packages/wandb/sdk/internal/internal_api.py", line 391, in execute
    return self.client.execute(*args, **kwargs)  # type: ignore
           ^^^^^^^^^^^^^^^^^^^^^^^^^^^^^^^^^^^^
  File "/Users/xianull/.miniconda/lib/python3.12/site-packages/wandb/vendor/gql-0.2.0/wandb_gql/client.py", line 52, in execute
    result = self._get_result(document, *args, **kwargs)
             ^^^^^^^^^^^^^^^^^^^^^^^^^^^^^^^^^^^^^^^^^^^
  File "/Users/xianull/.miniconda/lib/python3.12/site-packages/wandb/vendor/gql-0.2.0/wandb_gql/client.py", line 60, in _get_result
    return self.transport.execute(document, *args, **kwargs)
           ^^^^^^^^^^^^^^^^^^^^^^^^^^^^^^^^^^^^^^^^^^^^^^^^^
  File "/Users/xianull/.miniconda/lib/python3.12/site-packages/wandb/sdk/lib/gql_request.py", line 70, in execute
    request = self.session.post(self.url, **post_args)
              ^^^^^^^^^^^^^^^^^^^^^^^^^^^^^^^^^^^^^^^^
  File "/Users/xianull/.miniconda/lib/python3.12/site-packages/requests/sessions.py", line 637, in post
    return self.request("POST", url, data=data, json=json, **kwargs)
           ^^^^^^^^^^^^^^^^^^^^^^^^^^^^^^^^^^^^^^^^^^^^^^^^^^^^^^^^^
  File "/Users/xianull/.miniconda/lib/python3.12/site-packages/requests/sessions.py", line 589, in request
    resp = self.send(prep, **send_kwargs)
           ^^^^^^^^^^^^^^^^^^^^^^^^^^^^^^
  File "/Users/xianull/.miniconda/lib/python3.12/site-packages/requests/sessions.py", line 703, in send
    r = adapter.send(request, **kwargs)
        ^^^^^^^^^^^^^^^^^^^^^^^^^^^^^^^
  File "/Users/xianull/.miniconda/lib/python3.12/site-packages/requests/adapters.py", line 698, in send
    raise SSLError(e, request=request)
requests.exceptions.SSLError: HTTPSConnectionPool(host='api.wandb.ai', port=443): Max retries exceeded with url: /graphql (Caused by SSLError(SSLEOFError(8, '[SSL: UNEXPECTED_EOF_WHILE_READING] EOF occurred in violation of protocol (_ssl.c:1010)')))
2025-12-07 11:43:23,668 WARNING MainThread:14410 [wandb_init.py:init():1586] [no run ID] interrupted
Traceback (most recent call last):
  File "/Users/xianull/.miniconda/lib/python3.12/site-packages/wandb/sdk/wandb_init.py", line 1577, in init
    run = wi.init(run_settings, run_config, run_printer)
          ^^^^^^^^^^^^^^^^^^^^^^^^^^^^^^^^^^^^^^^^^^^^^^
  File "/Users/xianull/.miniconda/lib/python3.12/site-packages/wandb/sdk/wandb_init.py", line 1005, in init
    result = wait_with_progress(
             ^^^^^^^^^^^^^^^^^^^
  File "/Users/xianull/.miniconda/lib/python3.12/site-packages/wandb/sdk/mailbox/wait_with_progress.py", line 23, in wait_with_progress
    return wait_all_with_progress(
           ^^^^^^^^^^^^^^^^^^^^^^^
  File "/Users/xianull/.miniconda/lib/python3.12/site-packages/wandb/sdk/mailbox/wait_with_progress.py", line 77, in wait_all_with_progress
    return asyncer.run(progress_loop_with_timeout)
           ^^^^^^^^^^^^^^^^^^^^^^^^^^^^^^^^^^^^^^^
  File "/Users/xianull/.miniconda/lib/python3.12/site-packages/wandb/sdk/lib/asyncio_manager.py", line 136, in run
    return future.result()
           ^^^^^^^^^^^^^^^
  File "/Users/xianull/.miniconda/lib/python3.12/concurrent/futures/_base.py", line 451, in result
    self._condition.wait(timeout)
  File "/Users/xianull/.miniconda/lib/python3.12/threading.py", line 355, in wait
    waiter.acquire()
KeyboardInterrupt
2025-12-07 11:43:23,679 INFO    wandb-AsyncioManager-main:14410 [service_client.py:_forward_responses():80] Reached EOF.
2025-12-07 11:43:23,679 INFO    wandb-AsyncioManager-main:14410 [mailbox.py:close():137] Closing mailbox, abandoning 2 handles.
